=== ExperimentRunner: 'winter-HPenhanced' ===
loaded data (Frozen({'time': 900, 'lat': 64, 'lon': 64})) + Morocco mask (164 cells)
will perform 135 fits (3 leads × 5 folds × 9 models)

--- lead L = 1 ---
  fold 1 …
    winter-only training filter (ML models only):  train 497 -> 165,  val 89 -> 29,  refit 593 -> 197
    K_eff=4, gap=7, n_train=165, n_val=29, n_test=60, n_refit=197
    [  1/135    0.7%] L=1 fold1 climatology  fit=  0.01s  | elapsed=   2.2s  ETA= 293.3s
    [  2/135    1.5%] L=1 fold1 persistence  fit=  0.00s  | elapsed=   2.2s  ETA= 145.6s
    [  3/135    2.2%] L=1 fold1 ar           fit=  0.05s, retained=3/3  | elapsed=   2.2s  ETA=  98.6s
    [  4/135    3.0%] L=1 fold1 ols          fit=  0.35s, retained=57/57  | elapsed=   2.7s  ETA=  89.2s
    [  5/135    3.7%] L=1 fold1 ridge        fit=  4.46s, trials=13, retained=57/57  | elapsed=   7.3s  ETA= 189.7s
    [  6/135    4.4%] L=1 fold1 lasso        fit= 16.42s, trials=9, retained=11/57  | elapsed=  23.8s  ETA= 512.4s
    [  7/135    5.2%] L=1 fold1 elasticnet   fit= 70.63s, trials=30, retained=14/57  | elapsed=  94.6s  ETA=1729.5s
    [  8/135    5.9%] L=1 fold1 rf           fit=105.97s, trials=40, retained=57/57  | elapsed= 200.9s  ETA=3188.6s
    [  9/135    6.7%] L=1 fold1 xgboost      fit= 33.84s, trials=40, retained=57/57, best_iter=247  | elapsed= 234.8s  ETA=3287.6s
  fold 1 done in 234.8s
  fold 2 …
    winter-only training filter (ML models only):  train 557 -> 185,  val 89 -> 29,  refit 653 -> 217
    K_eff=4, gap=7, n_train=185, n_val=29, n_test=60, n_refit=217
    [ 10/135    7.4%] L=1 fold2 climatology  fit=  0.01s  | elapsed= 238.0s  ETA=2974.9s
    [ 11/135    8.1%] L=1 fold2 persistence  fit=  0.00s  | elapsed= 238.0s  ETA=2682.8s
    [ 12/135    8.9%] L=1 fold2 ar           fit=  0.05s, retained=3/3  | elapsed= 238.0s  ETA=2440.0s
    [ 13/135    9.6%] L=1 fold2 ols          fit=  0.39s, retained=59/59  | elapsed= 238.6s  ETA=2238.8s
    [ 14/135   10.4%] L=1 fold2 ridge        fit=  5.10s, trials=13, retained=59/59  | elapsed= 243.8s  ETA=2106.8s
    [ 15/135   11.1%] L=1 fold2 lasso        fit= 17.88s, trials=9, retained=9/59  | elapsed= 261.8s  ETA=2094.1s
    [ 16/135   11.9%] L=1 fold2 elasticnet   fit= 70.47s, trials=30, retained=8/59  | elapsed= 332.4s  ETA=2472.0s
    [ 17/135   12.6%] L=1 fold2 rf           fit=118.05s, trials=40, retained=59/59  | elapsed= 450.8s  ETA=3128.8s
    [ 18/135   13.3%] L=1 fold2 xgboost      fit= 27.93s, trials=40, retained=59/59, best_iter=55  | elapsed= 478.8s  ETA=3112.4s
  fold 2 done in 244.0s
  fold 3 …
    winter-only training filter (ML models only):  train 617 -> 205,  val 89 -> 29,  refit 713 -> 237
    K_eff=4, gap=7, n_train=205, n_val=29, n_test=60, n_refit=237
    [ 19/135   14.1%] L=1 fold3 climatology  fit=  0.02s  | elapsed= 482.2s  ETA=2944.0s
    [ 20/135   14.8%] L=1 fold3 persistence  fit=  0.00s  | elapsed= 482.2s  ETA=2772.7s
    [ 21/135   15.6%] L=1 fold3 ar           fit=  0.06s, retained=3/3  | elapsed= 482.3s  ETA=2618.0s
    [ 22/135   16.3%] L=1 fold3 ols          fit=  0.43s, retained=61/61  | elapsed= 482.8s  ETA=2480.0s
    [ 23/135   17.0%] L=1 fold3 ridge        fit=  5.48s, trials=13, retained=61/61  | elapsed= 488.4s  ETA=2378.4s
    [ 24/135   17.8%] L=1 fold3 lasso        fit= 17.93s, trials=9, retained=37/61  | elapsed= 506.5s  ETA=2342.4s
    [ 25/135   18.5%] L=1 fold3 elasticnet   fit= 71.22s, trials=30, retained=58/61  | elapsed= 577.8s  ETA=2542.3s
    [ 26/135   19.3%] L=1 fold3 rf           fit=132.08s, trials=40, retained=61/61  | elapsed= 710.2s  ETA=2977.3s
    [ 27/135   20.0%] L=1 fold3 xgboost      fit= 34.59s, trials=40, retained=61/61, best_iter=222  | elapsed= 744.9s  ETA=2979.7s
  fold 3 done in 266.1s
  fold 4 …
    winter-only training filter (ML models only):  train 677 -> 225,  val 89 -> 29,  refit 773 -> 257
    K_eff=4, gap=7, n_train=225, n_val=29, n_test=60, n_refit=257
    [ 28/135   20.7%] L=1 fold4 climatology  fit=  0.01s  | elapsed= 747.6s  ETA=2856.9s
    [ 29/135   21.5%] L=1 fold4 persistence  fit=  0.00s  | elapsed= 747.6s  ETA=2732.6s
    [ 30/135   22.2%] L=1 fold4 ar           fit=  0.06s, retained=3/3  | elapsed= 747.7s  ETA=2616.8s
    [ 31/135   23.0%] L=1 fold4 ols          fit=  0.49s, retained=60/60  | elapsed= 748.3s  ETA=2510.3s
    [ 32/135   23.7%] L=1 fold4 ridge        fit=  5.88s, trials=13, retained=60/60  | elapsed= 754.3s  ETA=2427.8s
    [ 33/135   24.4%] L=1 fold4 lasso        fit= 18.73s, trials=9, retained=32/60  | elapsed= 773.1s  ETA=2389.6s
    [ 34/135   25.2%] L=1 fold4 elasticnet   fit= 72.14s, trials=30, retained=30/60  | elapsed= 845.4s  ETA=2511.2s
    [ 35/135   25.9%] L=1 fold4 rf           fit=153.89s, trials=40, retained=60/60  | elapsed= 999.5s  ETA=2855.8s
    [ 36/135   26.7%] L=1 fold4 xgboost      fit= 53.65s, trials=40, retained=60/60, best_iter=577  | elapsed=1053.3s  ETA=2896.6s
  fold 4 done in 308.4s
  fold 5 …
    winter-only training filter (ML models only):  train 732 -> 244,  val 84 -> 28,  refit 828 -> 276
    K_eff=9, gap=12, n_train=244, n_val=28, n_test=60, n_refit=276
    [ 37/135   27.4%] L=1 fold5 climatology  fit=  0.01s  | elapsed=1056.2s  ETA=2797.5s
    [ 38/135   28.1%] L=1 fold5 persistence  fit=  0.00s  | elapsed=1056.2s  ETA=2696.1s
    [ 39/135   28.9%] L=1 fold5 ar           fit=  0.06s, retained=3/3  | elapsed=1056.3s  ETA=2600.0s
    [ 40/135   29.6%] L=1 fold5 ols          fit=  0.50s, retained=61/61  | elapsed=1056.9s  ETA=2510.1s
    [ 41/135   30.4%] L=1 fold5 ridge        fit=  6.27s, trials=13, retained=61/61  | elapsed=1063.3s  ETA=2437.7s
    [ 42/135   31.1%] L=1 fold5 lasso        fit= 19.40s, trials=9, retained=36/61  | elapsed=1082.8s  ETA=2397.6s
    [ 43/135   31.9%] L=1 fold5 elasticnet   fit= 80.83s, trials=30, retained=32/61  | elapsed=1163.7s  ETA=2489.8s
    [ 44/135   32.6%] L=1 fold5 rf           fit=169.60s, trials=40, retained=61/61  | elapsed=1333.6s  ETA=2758.2s
    [ 45/135   33.3%] L=1 fold5 xgboost      fit= 41.47s, trials=40, retained=61/61, best_iter=150  | elapsed=1375.2s  ETA=2750.5s
  fold 5 done in 321.9s
/opt/anaconda3/envs/droughtforecast/lib/python3.11/site-packages/numpy/lib/_nanfunctions_impl.py:1396: RuntimeWarning: All-NaN slice encountered
  return _nanquantile_unchecked(
/opt/anaconda3/envs/droughtforecast/lib/python3.11/site-packages/numpy/lib/_nanfunctions_impl.py:1997: RuntimeWarning: Degrees of freedom <= 0 for slice.
  var = nanvar(a, axis=axis, dtype=dtype, out=out, ddof=ddof,
/opt/anaconda3/envs/droughtforecast/lib/python3.11/site-packages/numpy/lib/_nanfunctions_impl.py:1396: RuntimeWarning: All-NaN slice encountered
  return _nanquantile_unchecked(
/opt/anaconda3/envs/droughtforecast/lib/python3.11/site-packages/numpy/lib/_nanfunctions_impl.py:1997: RuntimeWarning: Degrees of freedom <= 0 for slice.
  var = nanvar(a, axis=axis, dtype=dtype, out=out, ddof=ddof,
/opt/anaconda3/envs/droughtforecast/lib/python3.11/site-packages/numpy/lib/_nanfunctions_impl.py:1396: RuntimeWarning: All-NaN slice encountered
  return _nanquantile_unchecked(
/opt/anaconda3/envs/droughtforecast/lib/python3.11/site-packages/numpy/lib/_nanfunctions_impl.py:1997: RuntimeWarning: Degrees of freedom <= 0 for slice.
  var = nanvar(a, axis=axis, dtype=dtype, out=out, ddof=ddof,
/opt/anaconda3/envs/droughtforecast/lib/python3.11/site-packages/numpy/lib/_nanfunctions_impl.py:1396: RuntimeWarning: All-NaN slice encountered
  return _nanquantile_unchecked(
/opt/anaconda3/envs/droughtforecast/lib/python3.11/site-packages/numpy/lib/_nanfunctions_impl.py:1997: RuntimeWarning: Degrees of freedom <= 0 for slice.
  var = nanvar(a, axis=axis, dtype=dtype, out=out, ddof=ddof,
/opt/anaconda3/envs/droughtforecast/lib/python3.11/site-packages/numpy/lib/_nanfunctions_impl.py:1396: RuntimeWarning: All-NaN slice encountered
  return _nanquantile_unchecked(
/opt/anaconda3/envs/droughtforecast/lib/python3.11/site-packages/numpy/lib/_nanfunctions_impl.py:1997: RuntimeWarning: Degrees of freedom <= 0 for slice.
  var = nanvar(a, axis=axis, dtype=dtype, out=out, ddof=ddof,
/opt/anaconda3/envs/droughtforecast/lib/python3.11/site-packages/numpy/lib/_nanfunctions_impl.py:1396: RuntimeWarning: All-NaN slice encountered
  return _nanquantile_unchecked(
/opt/anaconda3/envs/droughtforecast/lib/python3.11/site-packages/numpy/lib/_nanfunctions_impl.py:1997: RuntimeWarning: Degrees of freedom <= 0 for slice.
  var = nanvar(a, axis=axis, dtype=dtype, out=out, ddof=ddof,
--- lead L=1 done in 1694.3s ---

--- lead L = 3 ---
  fold 1 …
    winter-only training filter (ML models only):  train 495 -> 164,  val 87 -> 28,  refit 591 -> 196
    K_eff=4, gap=9, n_train=164, n_val=28, n_test=60, n_refit=196
    [ 46/135   34.1%] L=3 fold1 climatology  fit=  0.02s  | elapsed=1695.9s  ETA=3281.2s
    [ 47/135   34.8%] L=3 fold1 persistence  fit=  0.00s  | elapsed=1695.9s  ETA=3175.3s
    [ 48/135   35.6%] L=3 fold1 ar           fit=  0.05s, retained=3/3  | elapsed=1696.0s  ETA=3074.0s
    [ 49/135   36.3%] L=3 fold1 ols          fit=  0.33s, retained=57/57  | elapsed=1696.4s  ETA=2977.4s
    [ 50/135   37.0%] L=3 fold1 ridge        fit=  4.14s, trials=13, retained=57/57  | elapsed=1700.7s  ETA=2891.1s
    [ 51/135   37.8%] L=3 fold1 lasso        fit= 22.41s, trials=9, retained=0/57  | elapsed=1723.2s  ETA=2838.2s
    [ 52/135   38.5%] L=3 fold1 elasticnet   fit= 82.34s, trials=30, retained=0/57  | elapsed=1805.6s  ETA=2882.0s
    [ 53/135   39.3%] L=3 fold1 rf           fit= 69.49s, trials=40, retained=57/57  | elapsed=1875.5s  ETA=2901.7s
    [ 54/135   40.0%] L=3 fold1 xgboost      fit= 23.05s, trials=40, retained=57/57, best_iter=0  | elapsed=1898.7s  ETA=2848.0s
  fold 1 done in 204.4s
  fold 2 …
    winter-only training filter (ML models only):  train 555 -> 184,  val 87 -> 28,  refit 651 -> 216
    K_eff=4, gap=9, n_train=184, n_val=28, n_test=60, n_refit=216
    [ 55/135   40.7%] L=3 fold2 climatology  fit=  0.01s  | elapsed=1900.7s  ETA=2764.6s
    [ 56/135   41.5%] L=3 fold2 persistence  fit=  0.00s  | elapsed=1900.7s  ETA=2681.3s
    [ 57/135   42.2%] L=3 fold2 ar           fit=  0.05s, retained=3/3  | elapsed=1900.7s  ETA=2601.0s
    [ 58/135   43.0%] L=3 fold2 ols          fit=  0.38s, retained=59/59  | elapsed=1901.2s  ETA=2524.0s
    [ 59/135   43.7%] L=3 fold2 ridge        fit=  4.63s, trials=13, retained=59/59  | elapsed=1905.9s  ETA=2455.1s
    [ 60/135   44.4%] L=3 fold2 lasso        fit= 40.74s, trials=9, retained=21/59  | elapsed=1946.8s  ETA=2433.5s
    [ 61/135   45.2%] L=3 fold2 elasticnet   fit=143.51s, trials=30, retained=41/59  | elapsed=2090.4s  ETA=2535.9s
    [ 62/135   45.9%] L=3 fold2 rf           fit= 81.90s, trials=40, retained=59/59  | elapsed=2172.8s  ETA=2558.3s
    [ 63/135   46.7%] L=3 fold2 xgboost      fit= 26.05s, trials=40, retained=59/59, best_iter=3  | elapsed=2199.0s  ETA=2513.1s
  fold 2 done in 300.3s
  fold 3 …
    winter-only training filter (ML models only):  train 615 -> 204,  val 87 -> 28,  refit 711 -> 236
    K_eff=4, gap=9, n_train=204, n_val=28, n_test=60, n_refit=236
    [ 64/135   47.4%] L=3 fold3 climatology  fit=  0.01s  | elapsed=2202.1s  ETA=2442.9s
    [ 65/135   48.1%] L=3 fold3 persistence  fit=  0.00s  | elapsed=2202.1s  ETA=2371.5s
    [ 66/135   48.9%] L=3 fold3 ar           fit=  0.05s, retained=3/3  | elapsed=2202.1s  ETA=2302.2s
    [ 67/135   49.6%] L=3 fold3 ols          fit=  0.43s, retained=61/61  | elapsed=2202.7s  ETA=2235.6s
    [ 68/135   50.4%] L=3 fold3 ridge        fit=  5.34s, trials=13, retained=61/61  | elapsed=2208.1s  ETA=2175.7s
    [ 69/135   51.1%] L=3 fold3 lasso        fit= 40.58s, trials=9, retained=0/61  | elapsed=2248.8s  ETA=2151.0s
    [ 70/135   51.9%] L=3 fold3 elasticnet   fit=143.26s, trials=30, retained=0/61  | elapsed=2392.2s  ETA=2221.3s
    [ 71/135   52.6%] L=3 fold3 rf           fit= 92.42s, trials=40, retained=61/61  | elapsed=2485.2s  ETA=2240.1s
    [ 72/135   53.3%] L=3 fold3 xgboost      fit= 24.06s, trials=40, retained=61/61, best_iter=1  | elapsed=2509.3s  ETA=2195.7s
  fold 3 done in 310.3s
  fold 4 …
    winter-only training filter (ML models only):  train 675 -> 224,  val 87 -> 28,  refit 771 -> 256
    K_eff=4, gap=9, n_train=224, n_val=28, n_test=60, n_refit=256
    [ 73/135   54.1%] L=3 fold4 climatology  fit=  0.01s  | elapsed=2512.2s  ETA=2133.7s
    [ 74/135   54.8%] L=3 fold4 persistence  fit=  0.00s  | elapsed=2512.2s  ETA=2070.9s
    [ 75/135   55.6%] L=3 fold4 ar           fit=  0.06s, retained=3/3  | elapsed=2512.3s  ETA=2009.8s
    [ 76/135   56.3%] L=3 fold4 ols          fit=  0.48s, retained=60/60  | elapsed=2512.9s  ETA=1950.8s
    [ 77/135   57.0%] L=3 fold4 ridge        fit=  5.91s, trials=13, retained=60/60  | elapsed=2518.9s  ETA=1897.4s
    [ 78/135   57.8%] L=3 fold4 lasso        fit= 29.92s, trials=9, retained=0/60  | elapsed=2548.9s  ETA=1862.7s
    [ 79/135   58.5%] L=3 fold4 elasticnet   fit=116.84s, trials=30, retained=0/60  | elapsed=2665.9s  ETA=1889.8s
    [ 80/135   59.3%] L=3 fold4 rf           fit=166.35s, trials=40, retained=60/60  | elapsed=2832.8s  ETA=1947.6s
    [ 81/135   60.0%] L=3 fold4 xgboost      fit= 32.57s, trials=40, retained=60/60, best_iter=14  | elapsed=2865.5s  ETA=1910.3s
  fold 4 done in 356.2s
  fold 5 …
    winter-only training filter (ML models only):  train 730 -> 243,  val 82 -> 27,  refit 826 -> 275
    K_eff=9, gap=14, n_train=243, n_val=27, n_test=60, n_refit=275
    [ 82/135   60.7%] L=3 fold5 climatology  fit=  0.02s  | elapsed=2870.4s  ETA=1855.2s
    [ 83/135   61.5%] L=3 fold5 persistence  fit=  0.00s  | elapsed=2870.4s  ETA=1798.3s
    [ 84/135   62.2%] L=3 fold5 ar           fit=  0.06s, retained=3/3  | elapsed=2870.4s  ETA=1742.8s
    [ 85/135   63.0%] L=3 fold5 ols          fit=  0.54s, retained=61/61  | elapsed=2871.1s  ETA=1688.9s
    [ 86/135   63.7%] L=3 fold5 ridge        fit=  6.87s, trials=13, retained=61/61  | elapsed=2878.1s  ETA=1639.8s
    [ 87/135   64.4%] L=3 fold5 lasso        fit= 33.20s, trials=9, retained=0/61  | elapsed=2911.4s  ETA=1606.3s
    [ 88/135   65.2%] L=3 fold5 elasticnet   fit=119.73s, trials=30, retained=0/61  | elapsed=3031.3s  ETA=1619.0s
    [ 89/135   65.9%] L=3 fold5 rf           fit=171.27s, trials=40, retained=61/61  | elapsed=3202.8s  ETA=1655.4s
    [ 90/135   66.7%] L=3 fold5 xgboost      fit= 28.79s, trials=40, retained=61/61, best_iter=26  | elapsed=3231.7s  ETA=1615.9s
  fold 5 done in 366.2s
/opt/anaconda3/envs/droughtforecast/lib/python3.11/site-packages/numpy/lib/_nanfunctions_impl.py:1396: RuntimeWarning: All-NaN slice encountered
  return _nanquantile_unchecked(
/opt/anaconda3/envs/droughtforecast/lib/python3.11/site-packages/numpy/lib/_nanfunctions_impl.py:1997: RuntimeWarning: Degrees of freedom <= 0 for slice.
  var = nanvar(a, axis=axis, dtype=dtype, out=out, ddof=ddof,
/opt/anaconda3/envs/droughtforecast/lib/python3.11/site-packages/numpy/lib/_nanfunctions_impl.py:1396: RuntimeWarning: All-NaN slice encountered
  return _nanquantile_unchecked(
/opt/anaconda3/envs/droughtforecast/lib/python3.11/site-packages/numpy/lib/_nanfunctions_impl.py:1997: RuntimeWarning: Degrees of freedom <= 0 for slice.
  var = nanvar(a, axis=axis, dtype=dtype, out=out, ddof=ddof,
/opt/anaconda3/envs/droughtforecast/lib/python3.11/site-packages/numpy/lib/_nanfunctions_impl.py:1396: RuntimeWarning: All-NaN slice encountered
  return _nanquantile_unchecked(
/opt/anaconda3/envs/droughtforecast/lib/python3.11/site-packages/numpy/lib/_nanfunctions_impl.py:1997: RuntimeWarning: Degrees of freedom <= 0 for slice.
  var = nanvar(a, axis=axis, dtype=dtype, out=out, ddof=ddof,
/opt/anaconda3/envs/droughtforecast/lib/python3.11/site-packages/numpy/lib/_nanfunctions_impl.py:1396: RuntimeWarning: All-NaN slice encountered
  return _nanquantile_unchecked(
/opt/anaconda3/envs/droughtforecast/lib/python3.11/site-packages/numpy/lib/_nanfunctions_impl.py:1997: RuntimeWarning: Degrees of freedom <= 0 for slice.
  var = nanvar(a, axis=axis, dtype=dtype, out=out, ddof=ddof,
/opt/anaconda3/envs/droughtforecast/lib/python3.11/site-packages/numpy/lib/_nanfunctions_impl.py:1396: RuntimeWarning: All-NaN slice encountered
  return _nanquantile_unchecked(
/opt/anaconda3/envs/droughtforecast/lib/python3.11/site-packages/numpy/lib/_nanfunctions_impl.py:1997: RuntimeWarning: Degrees of freedom <= 0 for slice.
  var = nanvar(a, axis=axis, dtype=dtype, out=out, ddof=ddof,
/opt/anaconda3/envs/droughtforecast/lib/python3.11/site-packages/numpy/lib/_nanfunctions_impl.py:1396: RuntimeWarning: All-NaN slice encountered
  return _nanquantile_unchecked(
/opt/anaconda3/envs/droughtforecast/lib/python3.11/site-packages/numpy/lib/_nanfunctions_impl.py:1997: RuntimeWarning: Degrees of freedom <= 0 for slice.
  var = nanvar(a, axis=axis, dtype=dtype, out=out, ddof=ddof,
--- lead L=3 done in 1928.0s ---

--- lead L = 6 ---
  fold 1 …
    winter-only training filter (ML models only):  train 492 -> 164,  val 84 -> 28,  refit 588 -> 196
    K_eff=4, gap=12, n_train=164, n_val=28, n_test=60, n_refit=196
    [ 91/135   67.4%] L=6 fold1 climatology  fit=  0.01s  | elapsed=3625.3s  ETA=1752.9s
    [ 92/135   68.1%] L=6 fold1 persistence  fit=  0.00s  | elapsed=3625.3s  ETA=1694.5s
    [ 93/135   68.9%] L=6 fold1 ar           fit=  0.05s, retained=3/3  | elapsed=3625.4s  ETA=1637.3s
    [ 94/135   69.6%] L=6 fold1 ols          fit=  0.38s, retained=57/57  | elapsed=3625.9s  ETA=1581.5s
    [ 95/135   70.4%] L=6 fold1 ridge        fit=  4.80s, trials=13, retained=57/57  | elapsed=3630.8s  ETA=1528.8s
    [ 96/135   71.1%] L=6 fold1 lasso        fit= 24.39s, trials=9, retained=0/57  | elapsed=3655.3s  ETA=1485.0s
    [ 97/135   71.9%] L=6 fold1 elasticnet   fit= 90.55s, trials=30, retained=0/57  | elapsed=3746.0s  ETA=1467.5s
    [ 98/135   72.6%] L=6 fold1 rf           fit= 64.16s, trials=40, retained=57/57  | elapsed=3810.5s  ETA=1438.7s
    [ 99/135   73.3%] L=6 fold1 xgboost      fit= 26.80s, trials=40, retained=57/57, best_iter=0  | elapsed=3837.5s  ETA=1395.4s
  fold 1 done in 215.2s
  fold 2 …
    winter-only training filter (ML models only):  train 552 -> 184,  val 84 -> 28,  refit 648 -> 216
    K_eff=4, gap=12, n_train=184, n_val=28, n_test=60, n_refit=216
    [100/135   74.1%] L=6 fold2 climatology  fit=  0.02s  | elapsed=3840.2s  ETA=1344.1s
    [101/135   74.8%] L=6 fold2 persistence  fit=  0.00s  | elapsed=3840.2s  ETA=1292.8s
    [102/135   75.6%] L=6 fold2 ar           fit=  0.05s, retained=3/3  | elapsed=3840.3s  ETA=1242.5s
    [103/135   76.3%] L=6 fold2 ols          fit=  0.44s, retained=59/59  | elapsed=3840.9s  ETA=1193.3s
    [104/135   77.0%] L=6 fold2 ridge        fit=  5.72s, trials=13, retained=59/59  | elapsed=3846.7s  ETA=1146.6s
    [105/135   77.8%] L=6 fold2 lasso        fit= 33.32s, trials=9, retained=0/59  | elapsed=3880.2s  ETA=1108.6s
    [106/135   78.5%] L=6 fold2 elasticnet   fit=135.67s, trials=30, retained=0/59  | elapsed=4016.0s  ETA=1098.7s
    [107/135   79.3%] L=6 fold2 rf           fit= 62.56s, trials=40, retained=59/59  | elapsed=4078.8s  ETA=1067.3s
    [108/135   80.0%] L=6 fold2 xgboost      fit= 22.82s, trials=40, retained=59/59, best_iter=1  | elapsed=4101.7s  ETA=1025.4s
  fold 2 done in 264.2s
  fold 3 …
    winter-only training filter (ML models only):  train 612 -> 204,  val 84 -> 28,  refit 708 -> 236
    K_eff=4, gap=12, n_train=204, n_val=28, n_test=60, n_refit=236
    [109/135   80.7%] L=6 fold3 climatology  fit=  0.01s  | elapsed=4103.7s  ETA= 978.9s
    [110/135   81.5%] L=6 fold3 persistence  fit=  0.00s  | elapsed=4103.7s  ETA= 932.7s
    [111/135   82.2%] L=6 fold3 ar           fit=  0.05s, retained=3/3  | elapsed=4103.8s  ETA= 887.3s
    [112/135   83.0%] L=6 fold3 ols          fit=  0.50s, retained=61/61  | elapsed=4104.4s  ETA= 842.9s
    [113/135   83.7%] L=6 fold3 ridge        fit=  5.55s, trials=13, retained=61/61  | elapsed=4110.1s  ETA= 800.2s
    [114/135   84.4%] L=6 fold3 lasso        fit= 35.74s, trials=9, retained=0/61  | elapsed=4145.9s  ETA= 763.7s
    [115/135   85.2%] L=6 fold3 elasticnet   fit=134.38s, trials=30, retained=0/61  | elapsed=4280.4s  ETA= 744.4s
    [116/135   85.9%] L=6 fold3 rf           fit= 90.85s, trials=40, retained=61/61  | elapsed=4371.7s  ETA= 716.1s
    [117/135   86.7%] L=6 fold3 xgboost      fit= 26.69s, trials=40, retained=61/61, best_iter=0  | elapsed=4398.6s  ETA= 676.7s
  fold 3 done in 296.9s
  fold 4 …
    winter-only training filter (ML models only):  train 672 -> 224,  val 84 -> 28,  refit 768 -> 256
    K_eff=4, gap=12, n_train=224, n_val=28, n_test=60, n_refit=256
    [118/135   87.4%] L=6 fold4 climatology  fit=  0.01s  | elapsed=4401.0s  ETA= 634.0s
    [119/135   88.1%] L=6 fold4 persistence  fit=  0.00s  | elapsed=4401.0s  ETA= 591.7s
    [120/135   88.9%] L=6 fold4 ar           fit=  0.06s, retained=3/3  | elapsed=4401.1s  ETA= 550.1s
    [121/135   89.6%] L=6 fold4 ols          fit=  0.46s, retained=60/60  | elapsed=4401.6s  ETA= 509.3s
    [122/135   90.4%] L=6 fold4 ridge        fit=  5.70s, trials=13, retained=60/60  | elapsed=4407.5s  ETA= 469.6s
    [123/135   91.1%] L=6 fold4 lasso        fit= 21.74s, trials=9, retained=0/60  | elapsed=4429.3s  ETA= 432.1s
    [124/135   91.9%] L=6 fold4 elasticnet   fit= 84.59s, trials=30, retained=0/60  | elapsed=4514.0s  ETA= 400.4s
    [125/135   92.6%] L=6 fold4 rf           fit=102.91s, trials=40, retained=60/60  | elapsed=4617.4s  ETA= 369.4s
    [126/135   93.3%] L=6 fold4 xgboost      fit= 25.52s, trials=40, retained=60/60, best_iter=1  | elapsed=4643.1s  ETA= 331.6s
  fold 4 done in 244.5s
  fold 5 …
    winter-only training filter (ML models only):  train 727 -> 243,  val 79 -> 27,  refit 823 -> 275
    K_eff=9, gap=17, n_train=243, n_val=27, n_test=60, n_refit=275
    [127/135   94.1%] L=6 fold5 climatology  fit=  0.01s  | elapsed=4646.0s  ETA= 292.7s
    [128/135   94.8%] L=6 fold5 persistence  fit=  0.00s  | elapsed=4646.0s  ETA= 254.1s
    [129/135   95.6%] L=6 fold5 ar           fit=  0.06s, retained=3/3  | elapsed=4646.0s  ETA= 216.1s
    [130/135   96.3%] L=6 fold5 ols          fit=  0.53s, retained=61/61  | elapsed=4646.7s  ETA= 178.7s
    [131/135   97.0%] L=6 fold5 ridge        fit=  6.38s, trials=13, retained=61/61  | elapsed=4653.2s  ETA= 142.1s
    [132/135   97.8%] L=6 fold5 lasso        fit= 26.11s, trials=9, retained=0/61  | elapsed=4679.4s  ETA= 106.4s
    [133/135   98.5%] L=6 fold5 elasticnet   fit= 94.30s, trials=30, retained=0/61  | elapsed=4773.8s  ETA=  71.8s
    [134/135   99.3%] L=6 fold5 rf           fit=106.03s, trials=40, retained=61/61  | elapsed=4880.3s  ETA=  36.4s
    [135/135  100.0%] L=6 fold5 xgboost      fit= 27.89s, trials=40, retained=61/61, best_iter=0  | elapsed=4908.3s  ETA=   0.0s
  fold 5 done in 265.2s
/opt/anaconda3/envs/droughtforecast/lib/python3.11/site-packages/numpy/lib/_nanfunctions_impl.py:1396: RuntimeWarning: All-NaN slice encountered
  return _nanquantile_unchecked(
/opt/anaconda3/envs/droughtforecast/lib/python3.11/site-packages/numpy/lib/_nanfunctions_impl.py:1997: RuntimeWarning: Degrees of freedom <= 0 for slice.
  var = nanvar(a, axis=axis, dtype=dtype, out=out, ddof=ddof,
/opt/anaconda3/envs/droughtforecast/lib/python3.11/site-packages/numpy/lib/_nanfunctions_impl.py:1396: RuntimeWarning: All-NaN slice encountered
  return _nanquantile_unchecked(
/opt/anaconda3/envs/droughtforecast/lib/python3.11/site-packages/numpy/lib/_nanfunctions_impl.py:1997: RuntimeWarning: Degrees of freedom <= 0 for slice.
  var = nanvar(a, axis=axis, dtype=dtype, out=out, ddof=ddof,
/opt/anaconda3/envs/droughtforecast/lib/python3.11/site-packages/numpy/lib/_nanfunctions_impl.py:1396: RuntimeWarning: All-NaN slice encountered
  return _nanquantile_unchecked(
/opt/anaconda3/envs/droughtforecast/lib/python3.11/site-packages/numpy/lib/_nanfunctions_impl.py:1997: RuntimeWarning: Degrees of freedom <= 0 for slice.
  var = nanvar(a, axis=axis, dtype=dtype, out=out, ddof=ddof,
/opt/anaconda3/envs/droughtforecast/lib/python3.11/site-packages/numpy/lib/_nanfunctions_impl.py:1396: RuntimeWarning: All-NaN slice encountered
  return _nanquantile_unchecked(
/opt/anaconda3/envs/droughtforecast/lib/python3.11/site-packages/numpy/lib/_nanfunctions_impl.py:1997: RuntimeWarning: Degrees of freedom <= 0 for slice.
  var = nanvar(a, axis=axis, dtype=dtype, out=out, ddof=ddof,
/opt/anaconda3/envs/droughtforecast/lib/python3.11/site-packages/numpy/lib/_nanfunctions_impl.py:1396: RuntimeWarning: All-NaN slice encountered
  return _nanquantile_unchecked(
/opt/anaconda3/envs/droughtforecast/lib/python3.11/site-packages/numpy/lib/_nanfunctions_impl.py:1997: RuntimeWarning: Degrees of freedom <= 0 for slice.
  var = nanvar(a, axis=axis, dtype=dtype, out=out, ddof=ddof,
/opt/anaconda3/envs/droughtforecast/lib/python3.11/site-packages/numpy/lib/_nanfunctions_impl.py:1396: RuntimeWarning: All-NaN slice encountered
  return _nanquantile_unchecked(
/opt/anaconda3/envs/droughtforecast/lib/python3.11/site-packages/numpy/lib/_nanfunctions_impl.py:1997: RuntimeWarning: Degrees of freedom <= 0 for slice.
  var = nanvar(a, axis=axis, dtype=dtype, out=out, ddof=ddof,
--- lead L=6 done in 1602.3s ---
wrote predictions → results/winter-HPenhanced/predictions/pooled_allLeads.nc  (3 leads × 300 months)
wrote metrics → results/winter-HPenhanced/metrics/metrics_allLeads.csv  (1944 rows)
wrote fold-runs log → results/winter-HPenhanced/logs/fold_runs.csv  (135 rows)
wrote feature-status log → results/winter-HPenhanced/logs/feature_status.csv  (5409 rows)

=== done in 5228.0s (135/135 fits completed) ===
